
Copyright (c) 2006-2016, Elgris Technologies, Inc.

EDIF 2 0 0 to OrCAD Capture Schematic Conversion Program SPB 17.20_1.102 built Feb  3 2016

Started on Wed Dec 15 18:48:52 2021

Reading config file C:\Cadence\Cadence\Cadence_SPB_17.2-2016\tools\capture\library\my_personal_library\SI2329\SI2329DS-T1-GE3\OrCAD_Allegro16\EDI2CAP.CFG

Processing EDIF 2 0 0  file C:\Cadence\Cadence\Cadence_SPB_17.2-2016\tools\capture\library\my_personal_library\SI2329\SI2329DS-T1-GE3\OrCAD_Allegro16\SI2329DS-T1-GE3.edf

This EDIF file has unrecognized origin.
EDIF 200: Syntax Error: source line 45: A '' without trailing numbers found!
EDIF 200: Syntax Error: source line 45: A '' without trailing numbers found!
EDIF 200: Syntax Error: source line 45: A '' without trailing numbers found!
EDIF 200: Syntax Error: source line 86: Unexpected Keyword:figureGroupOverride -- syntax check aborting!
EDIF 200: Note: source line 87: Syntax check resuming
EDIF 200: Syntax Error: source line 96: Unexpected Keyword:figureGroupOverride -- syntax check aborting!
EDIF 200: Note: source line 97: Syntax check resuming
EDIF 200: Syntax Error: source line 106: Unexpected Keyword:figureGroupOverride -- syntax check aborting!
EDIF 200: Note: source line 107: Syntax check resuming
EDIF 200: Syntax Error: source line 117: Unexpected Keyword:figureGroupOverride -- syntax check aborting!
EDIF 200: Note: source line 118: Syntax check resuming
EDIF 200: Syntax Error: source line 127: Unexpected Keyword:figureGroupOverride -- syntax check aborting!
EDIF 200: Note: source line 128: Syntax check resuming
EDIF 200: Syntax Error: source line 137: Unexpected Keyword:figureGroupOverride -- syntax check aborting!
EDIF 200: Note: source line 138: Syntax check resuming
EDIF 200: Syntax Error: source line 147: Unexpected Keyword:figureGroupOverride -- syntax check aborting!
EDIF 200: Note: source line 148: Syntax check resuming
EDIF 200: Syntax Error: source line 157: Unexpected Keyword:figureGroupOverride -- syntax check aborting!
EDIF 200: Note: source line 158: Syntax check resuming
EDIF 200: Syntax Error: source line 167: Unexpected Keyword:figureGroupOverride -- syntax check aborting!
EDIF 200: Note: source line 168: Syntax check resuming
EDIF 200: Syntax Error: source line 177: Unexpected Keyword:figureGroupOverride -- syntax check aborting!
EDIF 200: Note: source line 178: Syntax check resuming
EDIF 200: Syntax Error: source line 185: Unexpected Keyword:figureGroupOverride -- syntax check aborting!
EDIF 200: Note: source line 193: Syntax check resuming

EDIF 200 parsing finished

Design has no schematics => OrCAD Schematic will not be created
Library C:\CADENCE\CADENCE\CADENCE_SPB_17.2-2016\TOOLS\CAPTURE\LIBRARY\MY_PERSONAL_LIBRARY\SI2329\SI2329DS-T1-GE3\ORCAD_ALLEGRO16\SI2329DS_T1_GE3.OLB is created
              Design Unit is equal to 0.01000000 inches
              Calculated pinSpacing is equal to : 1.00000012 inches
              Calculated grid resolution is equal to: 100 Design Units
Warning: Project is scaled in 0.1 times
Design file has no schematics
Converting Unreferenced Symbols from Design libraries
Writing C:\CADENCE\CADENCE\CADENCE_SPB_17.2-2016\TOOLS\CAPTURE\LIBRARY\MY_PERSONAL_LIBRARY\SI2329\SI2329DS-T1-GE3\ORCAD_ALLEGRO16\SI2329DS-T1-GE3.INI file
Library C:\CADENCE\CADENCE\CADENCE_SPB_17.2-2016\TOOLS\CAPTURE\LIBRARY\MY_PERSONAL_LIBRARY\SI2329\SI2329DS-T1-GE3\ORCAD_ALLEGRO16\SI2329DS_T1_GE3.OLB is being saved
   ADVICE: If you DON'T LIKE the result:
    Do another orcadwrite run using one of the following sets of OrCAD writer options:
        'Min pin to pin spacing'=0.50000 inch(s), 'Grid'=50 design unit(s), 
             results in 0 hotspots out of grid
        'Min pin to pin spacing'=0.25000 inch(s), 'Grid'=25 design unit(s), 
             results in 0 hotspots out of grid
        'Min pin to pin spacing'=0.20000 inch(s), 'Grid'=20 design unit(s), 
             results in 0 hotspots out of grid
        'Min pin to pin spacing'=0.10000 inch(s), 'Grid'=10 design unit(s), 
             results in 0 hotspots out of grid

Finished on Wed Dec 15 18:48:52 2021


14 errors detected, 1 warning detected
