
Copyright (c) 2006-2016, Elgris Technologies, Inc.

EDIF 2 0 0 to OrCAD Capture Schematic Conversion Program SPB 17.20_1.102 built Feb  3 2016

Started on Mon Dec 06 14:13:32 2021

Reading config file C:\Cadence\Cadence\Cadence_SPB_17.2-2016\tools\capture\library\my_personal_library\N9H30F61IEC\OrCAD_Allegro16\EDI2CAP.CFG

Processing EDIF 2 0 0  file C:\Cadence\Cadence\Cadence_SPB_17.2-2016\tools\capture\library\my_personal_library\N9H30F61IEC\OrCAD_Allegro16\N9H30F61IEC.edf

This EDIF file has unrecognized origin.
EDIF 200: Syntax Error: source line 659: Wrong character in input file
EDIF 200: Syntax Error: source line 659: Unexpected Integer:5 in edif file...
EDIF 200: Syntax Error: source line 659: Unexpected Identifier:_RXD7_SPI1_DATA3 in edif file...
EDIF 200: Syntax Error: source line 1969: Wrong character in input file
EDIF 200: Syntax Error: source line 1969: Unexpected Integer:5 in edif file...
EDIF 200: Syntax Error: source line 1969: Unexpected Identifier:_RXD7_SPI1_DATA3 in edif file...
EDIF 200: Syntax Error: source line 2323: Unexpected Keyword:figureGroupOverride -- syntax check aborting!
EDIF 200: Note: source line 2324: Syntax check resuming

EDIF 200 parsing finished

Design has no schematics => OrCAD Schematic will not be created
Library C:\CADENCE\CADENCE\CADENCE_SPB_17.2-2016\TOOLS\CAPTURE\LIBRARY\MY_PERSONAL_LIBRARY\N9H30F61IEC\ORCAD_ALLEGRO16\N9H30F61IEC.OLB is created
              Design Unit is equal to 0.01000000 inches
              Calculated pinSpacing is equal to : 1.00000012 inches
              Calculated grid resolution is equal to: 100 Design Units
Warning: Project is scaled in 0.1 times
Design file has no schematics
Converting Unreferenced Symbols from Design libraries
Writing C:\CADENCE\CADENCE\CADENCE_SPB_17.2-2016\TOOLS\CAPTURE\LIBRARY\MY_PERSONAL_LIBRARY\N9H30F61IEC\ORCAD_ALLEGRO16\N9H30F61IEC.INI file
Library C:\CADENCE\CADENCE\CADENCE_SPB_17.2-2016\TOOLS\CAPTURE\LIBRARY\MY_PERSONAL_LIBRARY\N9H30F61IEC\ORCAD_ALLEGRO16\N9H30F61IEC.OLB is being saved
   ADVICE: If you DON'T LIKE the result:
    Do another orcadwrite run using one of the following sets of OrCAD writer options:
        'Min pin to pin spacing'=0.50000 inch(s), 'Grid'=50 design unit(s), 
             results in 0 hotspots out of grid
        'Min pin to pin spacing'=0.25000 inch(s), 'Grid'=25 design unit(s), 
             results in 0 hotspots out of grid
        'Min pin to pin spacing'=0.20000 inch(s), 'Grid'=20 design unit(s), 
             results in 0 hotspots out of grid
        'Min pin to pin spacing'=0.10000 inch(s), 'Grid'=10 design unit(s), 
             results in 0 hotspots out of grid

Finished on Mon Dec 06 14:13:33 2021


7 errors detected, 1 warning detected
